<?xml version='1.0' encoding='UTF-8'?>
<testsuite hostname="DESKTOP-275RR1R" name="AllTests" tests="4" errors="0" failures="0" skipped="0" time="0.0" timestamp="2021-11-03T09:07:12">
          <properties>
[...]
</properties>
          <testcase classname="AllTests" name="should Check for the timestamp pattern" time="0.0">
                      
                    </testcase><testcase classname="AllTests" name="should Check for the timestamp" time="0.0">
                      
                    </testcase><testcase classname="AllTests" name="should Check for the timeinterval in minutes" time="0.0">
                      
                    </testcase><testcase classname="AllTests" name="should Check for GRPC Endpoint" time="0.0">
                      
                    </testcase>
          <system-out><![CDATA[]]></system-out>
          <system-err><![CDATA[]]></system-err>
        </testsuite>